<?xml version="1.0" encoding="UTF-8"?>
<!-- Generated by org.testng.reporters.JUnitXMLReporter -->
<testsuite ignored="6" hostname="DESKTOP-C08AF09" failures="0" tests="4" name="Surefire test" time="2.729" errors="0" timestamp="2023-12-14T17:13:59 IST">
  <testcase classname="api.test.StudentTests" name="testPostStudent" time="1.806"/>
  <testcase classname="api.test.StudentTests" name="testGetStudentByName" time="0.078"/>
  <testcase classname="api.test.StudentTests" name="testUpdateStudentByName" time="0.153"/>
  <testcase classname="api.test.StudentTests" name="testDeleteStudentByName" time="0.039"/>
  <testcase classname="api.test.UserTests" name="testUpdateUserByName" time="0.0">
    <ignored/>
  </testcase> <!-- testUpdateUserByName -->
  <testcase classname="api.test.DDTests" name="testDeleteUserByName" time="0.0">
    <ignored/>
  </testcase> <!-- testDeleteUserByName -->
  <testcase classname="api.test.UserTests" name="testPostUser" time="0.0">
    <ignored/>
  </testcase> <!-- testPostUser -->
  <testcase classname="api.test.UserTests" name="testDeleteUserByName" time="0.0">
    <ignored/>
  </testcase> <!-- testDeleteUserByName -->
  <testcase classname="api.test.DDTests" name="testPostUser" time="0.0">
    <ignored/>
  </testcase> <!-- testPostUser -->
  <testcase classname="api.test.UserTests" name="testGetUserByName" time="0.0">
    <ignored/>
  </testcase> <!-- testGetUserByName -->
</testsuite> <!-- Surefire test -->
