<?xml version="1.0" encoding="UTF-8"?>
<!-- Generated by org.testng.reporters.JUnitXMLReporter -->
<testsuite ignored="2" hostname="DESKTOP-C08AF09" failures="0" tests="0" time="0.03" errors="0" timestamp="2023-12-14T12:02:27 IST">
  <testcase classname="api.test.DDTestsForStudent" name="testGetStudentByName" time="0.0">
    <ignored/>
  </testcase> <!-- testGetStudentByName -->
  <testcase classname="api.test.DDTestsForStudent" name="testPostStudent" time="0.0">
    <ignored/>
  </testcase> <!-- testPostStudent -->
</testsuite>
