<?xml version="1.0" encoding="UTF-8"?>
<testng-results ignored="6" total="10" passed="4" failed="0" skipped="0">
  <reporter-output>
  </reporter-output>
  <suite started-at="2023-12-14T17:13:56 IST" name="Surefire suite" finished-at="2023-12-14T17:13:59 IST" duration-ms="2729">
    <groups>
    </groups>
    <test started-at="2023-12-14T17:13:56 IST" name="Surefire test" finished-at="2023-12-14T17:13:59 IST" duration-ms="2729">
      <class name="api.test.StudentTests">
        <test-method is-config="true" signature="setupData()[pri:0, instance:api.test.StudentTests@2f112965]" started-at="2023-12-14T17:13:56 IST" name="setupData" finished-at="2023-12-14T17:13:56 IST" duration-ms="622" status="PASS">
          <reporter-output>
          </reporter-output>
        </test-method> <!-- setupData -->
        <test-method signature="testPostStudent()[pri:1, instance:api.test.StudentTests@2f112965]" started-at="2023-12-14T17:13:56 IST" name="testPostStudent" finished-at="2023-12-14T17:13:58 IST" duration-ms="1806" status="PASS">
          <reporter-output>
          </reporter-output>
        </test-method> <!-- testPostStudent -->
        <test-method signature="testGetStudentByName()[pri:2, instance:api.test.StudentTests@2f112965]" started-at="2023-12-14T17:13:58 IST" name="testGetStudentByName" finished-at="2023-12-14T17:13:58 IST" duration-ms="78" status="PASS">
          <reporter-output>
          </reporter-output>
        </test-method> <!-- testGetStudentByName -->
        <test-method signature="testUpdateStudentByName()[pri:3, instance:api.test.StudentTests@2f112965]" started-at="2023-12-14T17:13:58 IST" name="testUpdateStudentByName" finished-at="2023-12-14T17:13:59 IST" duration-ms="153" status="PASS">
          <reporter-output>
          </reporter-output>
        </test-method> <!-- testUpdateStudentByName -->
        <test-method signature="testDeleteStudentByName()[pri:4, instance:api.test.StudentTests@2f112965]" started-at="2023-12-14T17:13:59 IST" name="testDeleteStudentByName" finished-at="2023-12-14T17:13:59 IST" duration-ms="39" status="PASS">
          <reporter-output>
          </reporter-output>
        </test-method> <!-- testDeleteStudentByName -->
      </class> <!-- api.test.StudentTests -->
    </test> <!-- Surefire test -->
  </suite> <!-- Surefire suite -->
</testng-results>
